<?xml version="1.0" encoding="utf-8"?>
<TestRun id="2944728d-0f22-4cad-9935-95795ada6a53" name="achim@OCTAL 2026-07-18 19:42:48" runUser="OCTAL\CodexSandboxOffline" xmlns="http://microsoft.com/schemas/VisualStudio/TeamTest/2010">
  <Times creation="2026-07-18T19:42:48.3334426+02:00" queuing="2026-07-18T19:42:48.3334427+02:00" start="2026-07-18T19:42:47.3903326+02:00" finish="2026-07-18T19:42:48.3406175+02:00" />
  <TestSettings name="default" id="50860b4e-3726-4ff0-911b-999b6901827b">
    <Deployment runDeploymentRoot="achim_OCTAL_2026-07-18_19_42_48" />
  </TestSettings>
  <Results>
    <UnitTestResult executionId="64a6d365-c4bf-4c54-8511-e9800d18e975" testId="7c9bd6c5-df02-ff09-4b79-edccd7790d80" testName="MethodNotAllowed_Response_Contains_Allow_Header" computerName="OCTAL" duration="00:00:00.2279130" startTime="2026-07-18T19:42:47.9924510+02:00" endTime="2026-07-18T19:42:48.2203013+02:00" testType="13cdc9d9-ddb5-4fa4-a97d-d965ccfc6d4b" outcome="Failed" testListId="8c84fa94-04c1-424b-9868-57a2d4851a1d" relativeResultsDirectory="64a6d365-c4bf-4c54-8511-e9800d18e975">
      <Output>
        <ErrorInfo>
          <Message>  HTTP/1.1 405 Method Not Allowed&#xD;
Date: Sat, 18 Jul 2026 17:42:48 GMT&#xD;
Server: GraphDefined Hermod HTTP Server v2.0&#xD;
Content-Type: application/json; charset=utf-8&#xD;
Content-Length: 64&#xD;
Allow: POST, HEAD, GET&#xD;
Connection: close&#xD;
&#xD;
{"request":"PUT / HTTP/1.1","description":"Method not allowed!"}&#xD;
Assert.That(response, Does.Contain("Allow: GET"))&#xD;
  Expected: String containing "Allow: GET"&#xD;
  But was:  "HTTP/1.1 405 Method Not Allowed&#xD;
Date: Sat, 18 Jul 2026 17:42:48 GMT&#xD;
Server: GraphDefined Hermod HTTP Server v2.0&#xD;
Content-Type: application/json; charset=utf-8&#xD;
Content-Length: 64&#xD;
Allow: POST, HEAD, GET&#xD;
Connection: close&#xD;
&#xD;
{"request":"PUT / HTTP/1.1","description":"Method not allowed!"}"&#xD;
</Message>
          <StackTrace>   at org.GraphDefined.Vanaheimr.Hermod.Tests.HTTP.HTTPServerSocketRegressionTests.MethodNotAllowed_Response_Contains_Allow_Header() in D:\Coding\OpenChargingCloud\ChargyAPI_Prod1\libs\Hermod\HermodTests\HTTP\HTTPServerSocketRegressionTests.cs:line 414&#xD;
   at org.GraphDefined.Vanaheimr.Hermod.Tests.HTTP.HTTPServerSocketRegressionTests.MethodNotAllowed_Response_Contains_Allow_Header() in D:\Coding\OpenChargingCloud\ChargyAPI_Prod1\libs\Hermod\HermodTests\HTTP\HTTPServerSocketRegressionTests.cs:line 422&#xD;
   at NUnit.Framework.Internal.TaskAwaitAdapter.GenericAdapter`1.BlockUntilCompleted()&#xD;
   at NUnit.Framework.Internal.MessagePumpStrategy.NoMessagePumpStrategy.WaitForCompletion(AwaitAdapter awaiter)&#xD;
   at NUnit.Framework.Internal.AsyncToSyncAdapter.Await[TResult](TestExecutionContext context, Func`1 invoke)&#xD;
   at NUnit.Framework.Internal.AsyncToSyncAdapter.Await(TestExecutionContext context, Func`1 invoke)&#xD;
   at NUnit.Framework.Internal.Commands.TestMethodCommand.RunTestMethod(TestExecutionContext context)&#xD;
   at NUnit.Framework.Internal.Commands.TestMethodCommand.Execute(TestExecutionContext context)&#xD;
   at NUnit.Framework.Internal.Execution.SimpleWorkItem.&lt;&gt;c__DisplayClass3_0.&lt;PerformWork&gt;b__0()&#xD;
   at NUnit.Framework.Internal.ContextUtils.&lt;&gt;c__DisplayClass1_0`1.&lt;DoIsolated&gt;b__0(Object _)&#xD;
   at NUnit.Framework.Internal.ContextUtils.&lt;&gt;c__DisplayClass2_0.&lt;DoIsolated&gt;b__0(Object s)&#xD;

1)    at org.GraphDefined.Vanaheimr.Hermod.Tests.HTTP.HTTPServerSocketRegressionTests.MethodNotAllowed_Response_Contains_Allow_Header() in D:\Coding\OpenChargingCloud\ChargyAPI_Prod1\libs\Hermod\HermodTests\HTTP\HTTPServerSocketRegressionTests.cs:line 414&#xD;

</StackTrace>
        </ErrorInfo>
      </Output>
    </UnitTestResult>
  </Results>
  <TestDefinitions>
    <UnitTest name="MethodNotAllowed_Response_Contains_Allow_Header" storage="d:\coding\openchargingcloud\chargyapi_prod1\libs\hermod\hermodtests\bin\debug\net10.0\org.graphdefined.vanaheimr.hermod.tests.dll" id="7c9bd6c5-df02-ff09-4b79-edccd7790d80">
      <Execution id="64a6d365-c4bf-4c54-8511-e9800d18e975" />
      <TestMethod codeBase="D:\Coding\OpenChargingCloud\ChargyAPI_Prod1\libs\Hermod\HermodTests\bin\Debug\net10.0\org.GraphDefined.Vanaheimr.Hermod.Tests.dll" adapterTypeName="executor://nunit3testexecutor/" className="org.GraphDefined.Vanaheimr.Hermod.Tests.HTTP.HTTPServerSocketRegressionTests" name="MethodNotAllowed_Response_Contains_Allow_Header" />
    </UnitTest>
  </TestDefinitions>
  <TestEntries>
    <TestEntry testId="7c9bd6c5-df02-ff09-4b79-edccd7790d80" executionId="64a6d365-c4bf-4c54-8511-e9800d18e975" testListId="8c84fa94-04c1-424b-9868-57a2d4851a1d" />
  </TestEntries>
  <TestLists>
    <TestList name="Ergebnisse nicht in einer Liste" id="8c84fa94-04c1-424b-9868-57a2d4851a1d" />
    <TestList name="Alle geladenen Ergebnisse" id="19431567-8539-422a-85d7-44ee4e166bda" />
  </TestLists>
  <ResultSummary outcome="Failed">
    <Counters total="1" executed="1" passed="0" failed="1" error="0" timeout="0" aborted="0" inconclusive="0" passedButRunAborted="0" notRunnable="0" notExecuted="0" disconnected="0" warning="0" completed="0" inProgress="0" pending="0" />
    <Output>
      <StdOut>NUnit Adapter 1.0.0.0: Test execution started&#xD;
Running selected tests in D:\Coding\OpenChargingCloud\ChargyAPI_Prod1\libs\Hermod\HermodTests\bin\Debug\net10.0\org.GraphDefined.Vanaheimr.Hermod.Tests.dll&#xD;
   NUnit3TestExecutor discovered 1 of 1 NUnit test cases using Current Discovery mode, Non-Explicit run&#xD;
</StdOut>
    </Output>
  </ResultSummary>
</TestRun>